[2026-04-19 00:55:52] ======================================================================
[2026-04-19 00:55:52] STARTING 10-HOUR PAPER TRADING SESSION
[2026-04-19 00:55:52] ======================================================================
[2026-04-19 00:55:52] Symbol: AAPL
[2026-04-19 00:55:52] Strategy: sma_crossover
[2026-04-19 00:55:52] Initial Capital: $10,000.00
[2026-04-19 00:55:52] Start Time: 2026-04-19 00:55:52
[2026-04-19 00:55:52] End Time: 2026-04-19 10:55:52
[2026-04-19 00:55:52] ----------------------------------------------------------------------
[2026-04-19 00:55:52] Running paper trading iteration 1...
[2026-04-19 00:55:53] Portfolio: $10,000.00 | Trades: 0 | P&L: $+0.00 | Running: 0.0h
[2026-04-19 00:55:53] Waiting 29 minutes until next cycle...
[2026-04-19 01:25:52] Running paper trading iteration 2...
[2026-04-19 01:25:53] Portfolio: $10,000.00 | Trades: 0 | P&L: $+0.00 | Running: 0.5h
[2026-04-19 01:25:53] Waiting 29 minutes until next cycle...
[2026-04-19 01:55:52] Running paper trading iteration 3...
[2026-04-19 01:55:54] Portfolio: $10,000.00 | Trades: 0 | P&L: $+0.00 | Running: 1.0h
[2026-04-19 01:55:54] Waiting 29 minutes until next cycle...
[2026-04-19 02:25:52] Running paper trading iteration 4...
[2026-04-19 02:25:53] Portfolio: $10,000.00 | Trades: 0 | P&L: $+0.00 | Running: 1.5h
[2026-04-19 02:25:53] Waiting 29 minutes until next cycle...
[2026-04-19 02:55:52] Running paper trading iteration 5...
[2026-04-19 02:55:53] Portfolio: $10,000.00 | Trades: 0 | P&L: $+0.00 | Running: 2.0h
[2026-04-19 02:55:53] Waiting 29 minutes until next cycle...
[2026-04-19 03:25:52] Running paper trading iteration 6...
[2026-04-19 03:25:53] Portfolio: $10,000.00 | Trades: 0 | P&L: $+0.00 | Running: 2.5h
[2026-04-19 03:25:53] Waiting 29 minutes until next cycle...
[2026-04-19 03:55:52] Running paper trading iteration 7...
[2026-04-19 03:55:53] Portfolio: $10,000.00 | Trades: 0 | P&L: $+0.00 | Running: 3.0h
[2026-04-19 03:55:53] Waiting 29 minutes until next cycle...
[2026-04-19 04:25:52] Running paper trading iteration 8...
[2026-04-19 04:25:53] Portfolio: $10,000.00 | Trades: 0 | P&L: $+0.00 | Running: 3.5h
[2026-04-19 04:25:53] Waiting 29 minutes until next cycle...
[2026-04-19 04:55:52] Running paper trading iteration 9...
[2026-04-19 04:55:53] Portfolio: $10,000.00 | Trades: 0 | P&L: $+0.00 | Running: 4.0h
[2026-04-19 04:55:53] Waiting 29 minutes until next cycle...
[2026-04-19 05:25:52] Running paper trading iteration 10...
[2026-04-19 05:25:53] Portfolio: $10,000.00 | Trades: 0 | P&L: $+0.00 | Running: 4.5h
[2026-04-19 05:25:53] Waiting 29 minutes until next cycle...
[2026-04-19 05:55:52] Running paper trading iteration 11...
[2026-04-19 05:55:53] Portfolio: $10,000.00 | Trades: 0 | P&L: $+0.00 | Running: 5.0h
[2026-04-19 05:55:53] Waiting 29 minutes until next cycle...
[2026-04-19 06:25:52] Running paper trading iteration 12...
[2026-04-19 06:25:53] Portfolio: $10,000.00 | Trades: 0 | P&L: $+0.00 | Running: 5.5h
[2026-04-19 06:25:53] Waiting 29 minutes until next cycle...
[2026-04-19 06:55:52] Running paper trading iteration 13...
[2026-04-19 06:55:53] Portfolio: $10,000.00 | Trades: 0 | P&L: $+0.00 | Running: 6.0h
[2026-04-19 06:55:53] Waiting 29 minutes until next cycle...
[2026-04-19 07:25:52] Running paper trading iteration 14...
[2026-04-19 07:25:54] Portfolio: $10,000.00 | Trades: 0 | P&L: $+0.00 | Running: 6.5h
[2026-04-19 07:25:54] Waiting 29 minutes until next cycle...
[2026-04-19 07:55:52] Running paper trading iteration 15...
[2026-04-19 07:55:53] Portfolio: $10,000.00 | Trades: 0 | P&L: $+0.00 | Running: 7.0h
[2026-04-19 07:55:53] Waiting 29 minutes until next cycle...
[2026-04-19 08:25:52] Running paper trading iteration 16...
[2026-04-19 08:25:53] Portfolio: $10,000.00 | Trades: 0 | P&L: $+0.00 | Running: 7.5h
[2026-04-19 08:25:53] Waiting 29 minutes until next cycle...
[2026-04-19 08:55:52] Running paper trading iteration 17...
[2026-04-19 08:55:53] Portfolio: $10,000.00 | Trades: 0 | P&L: $+0.00 | Running: 8.0h
[2026-04-19 08:55:53] Waiting 29 minutes until next cycle...
[2026-04-19 09:25:52] Running paper trading iteration 18...
[2026-04-19 09:25:54] Portfolio: $10,000.00 | Trades: 0 | P&L: $+0.00 | Running: 8.5h
[2026-04-19 09:25:54] Waiting 29 minutes until next cycle...
[2026-04-19 09:55:52] Running paper trading iteration 19...
[2026-04-19 09:55:54] Portfolio: $10,000.00 | Trades: 0 | P&L: $+0.00 | Running: 9.0h
[2026-04-19 09:55:54] Waiting 29 minutes until next cycle...
[2026-04-19 10:25:52] Running paper trading iteration 20...
[2026-04-19 10:25:53] Portfolio: $10,000.00 | Trades: 0 | P&L: $+0.00 | Running: 9.5h
[2026-04-19 10:25:53] Waiting 29 minutes until next cycle...
[2026-04-19 10:55:52] ======================================================================
[2026-04-19 10:55:52] SESSION COMPLETE - GENERATING FINAL REPORT
[2026-04-19 10:55:52] ======================================================================
[2026-04-19 10:55:52] Duration: 10.0 hours
[2026-04-19 10:55:52] Initial Capital: $10,000.00
[2026-04-19 10:55:52] Final Portfolio: $10,000.00
[2026-04-19 10:55:52] Total Return: +0.00%
[2026-04-19 10:55:52] Total Trades: 0
[2026-04-19 10:55:52] P&L: $+0.00
[2026-04-19 10:55:52] Report saved to: /data/.openclaw/workspace/projects/trading-bot/final_report_10h.json
[2026-04-19 10:55:52] ======================================================================
