[2026-04-19 01:05:46] [MAIN] ======================================================================
[2026-04-19 01:05:46] [MAIN] MULTI-ASSET PAPER TRADING TEST RUNNER
[2026-04-19 01:05:46] [MAIN] ======================================================================
[2026-04-19 01:05:46] [PLTR] Starting: python3 trading_bot.py --mode paper --symbol PLTR --strategy mean_reversion --timeframe 1h
[2026-04-19 01:05:46] [PLTR] PID: 9216
[2026-04-19 01:05:46] [ETH] Starting: python3 trading_bot.py --mode paper --symbol ETH-USD --strategy momentum --timeframe 15min
[2026-04-19 01:05:46] [ETH] PID: 9217
[2026-04-19 01:05:46] [BTC] Starting: python3 trading_bot.py --mode paper --symbol BTC-USD --strategy range_scalper --timeframe 15min
[2026-04-19 01:05:46] [BTC] PID: 9218
[2026-04-19 01:05:46] [MAIN] 
======================================================================
[2026-04-19 01:05:46] [MAIN] MONITORING: 3 tests for 360 minutes
[2026-04-19 01:05:46] [MAIN] Status updates every 15 minutes
[2026-04-19 01:05:46] [MAIN] ======================================================================
[2026-04-19 01:05:56] [MAIN] 
✅ ALL TESTS COMPLETED!
[2026-04-19 01:05:56] [MAIN] 
======================================================================
[2026-04-19 01:05:56] [MAIN] GENERATING FINAL REPORT
[2026-04-19 01:05:56] [MAIN] ======================================================================
[2026-04-19 01:05:56] [MAIN] 
✅ Report saved: /data/.openclaw/workspace/projects/trading-bot/reports/multi_asset_report_20260419_010556.json
[2026-04-19 01:05:56] [MAIN] 
======================================================================
[2026-04-19 01:05:56] [MAIN] RESULTS SUMMARY
[2026-04-19 01:05:56] [MAIN] ======================================================================
[2026-04-19 01:05:56] [MAIN] 
📊 PLTR (PLTR) - mean_reversion
[2026-04-19 01:05:56] [MAIN]    Timeframe: 1h | Capital: $10000
[2026-04-19 01:05:56] [MAIN]    ⚠️  Errors detected in output
[2026-04-19 01:05:56] [MAIN] 
📊 ETH (ETH-USD) - momentum
[2026-04-19 01:05:56] [MAIN]    Timeframe: 15min | Capital: $10000
[2026-04-19 01:05:56] [MAIN]    ⚠️  Errors detected in output
[2026-04-19 01:05:56] [MAIN] 
📊 BTC (BTC-USD) - range_scalper
[2026-04-19 01:05:56] [MAIN]    Timeframe: 15min | Capital: $10000
[2026-04-19 01:05:56] [MAIN]    ⚠️  Errors detected in output
[2026-04-19 01:05:56] [MAIN] 
🎉 Multi-asset test run completed!
[2026-04-19 01:05:56] [MAIN] ======================================================================
