[2026-04-19 01:09:37] ======================================================================
[2026-04-19 01:09:37] PLTR 6-HOUR PERIODIC PAPER TRADING TEST
[2026-04-19 01:09:37] ======================================================================
[2026-04-19 01:09:37] Symbol: PLTR
[2026-04-19 01:09:37] Strategy: mean_reversion
[2026-04-19 01:09:37] Duration: 6 hours
[2026-04-19 01:09:37] Run interval: Every 30 minutes
[2026-04-19 01:09:37] Log file: /data/.openclaw/workspace/projects/trading-bot/logs/pltr_6h_test.log
[2026-04-19 01:09:37] Report file: /data/.openclaw/workspace/projects/trading-bot/reports/pltr_6h_report.json
[2026-04-19 01:09:37] Database: /data/.openclaw/workspace/projects/trading-bot/data/paper_trades_PLTR_mean_reversion.db
[2026-04-19 01:09:37] ======================================================================
[2026-04-19 01:09:37] 
Start time: 2026-04-19 01:09:37
[2026-04-19 01:09:37] End time: 2026-04-19 07:09:37
[2026-04-19 01:09:37] ======================================================================
[2026-04-19 01:09:37] 
======================================================================
[2026-04-19 01:09:37] ITERATION #1 - Hour 0.00/6
[2026-04-19 01:09:37] ======================================================================
[2026-04-19 01:09:37] Running bot...
[2026-04-19 01:09:38] ✅ Bot completed successfully
[2026-04-19 01:09:38] 
⏱️  Next run at: 01:39:38
[2026-04-19 01:09:38]    Sleeping for 30 minutes...
[2026-04-19 01:39:38] 
======================================================================
[2026-04-19 01:39:38] ITERATION #2 - Hour 0.50/6
[2026-04-19 01:39:38] ======================================================================
[2026-04-19 01:39:38] Running bot...
[2026-04-19 01:39:40] ✅ Bot completed successfully
[2026-04-19 01:39:40] 
⏱️  Next run at: 02:09:40
[2026-04-19 01:39:40]    Sleeping for 30 minutes...
[2026-04-19 02:09:40] 
======================================================================
[2026-04-19 02:09:40] ITERATION #3 - Hour 1.00/6
[2026-04-19 02:09:40] ======================================================================
[2026-04-19 02:09:40] Running bot...
[2026-04-19 02:09:41] ✅ Bot completed successfully
[2026-04-19 02:09:41] 
⏱️  Next run at: 02:39:41
[2026-04-19 02:09:41]    Sleeping for 30 minutes...
[2026-04-19 02:39:42] 
======================================================================
[2026-04-19 02:39:42] ITERATION #4 - Hour 1.50/6
[2026-04-19 02:39:42] ======================================================================
[2026-04-19 02:39:42] Running bot...
[2026-04-19 02:39:43] ✅ Bot completed successfully
[2026-04-19 02:39:43] 
⏱️  Next run at: 03:09:43
[2026-04-19 02:39:43]    Sleeping for 30 minutes...
[2026-04-19 03:09:43] 
======================================================================
[2026-04-19 03:09:43] ITERATION #5 - Hour 2.00/6
[2026-04-19 03:09:43] ======================================================================
[2026-04-19 03:09:43] Running bot...
[2026-04-19 03:09:45] ✅ Bot completed successfully
[2026-04-19 03:09:45] 
⏱️  Next run at: 03:39:45
[2026-04-19 03:09:45]    Sleeping for 30 minutes...
[2026-04-19 03:39:45] 
======================================================================
[2026-04-19 03:39:45] ITERATION #6 - Hour 2.50/6
[2026-04-19 03:39:45] ======================================================================
[2026-04-19 03:39:45] Running bot...
[2026-04-19 03:39:46] ✅ Bot completed successfully
[2026-04-19 03:39:46] 
⏱️  Next run at: 04:09:46
[2026-04-19 03:39:46]    Sleeping for 30 minutes...
[2026-04-19 04:09:46] 
======================================================================
[2026-04-19 04:09:46] ITERATION #7 - Hour 3.00/6
[2026-04-19 04:09:46] ======================================================================
[2026-04-19 04:09:46] Running bot...
[2026-04-19 04:09:48] ✅ Bot completed successfully
[2026-04-19 04:09:48] 
⏱️  Next run at: 04:39:48
[2026-04-19 04:09:48]    Sleeping for 30 minutes...
[2026-04-19 04:39:48] 
======================================================================
[2026-04-19 04:39:48] ITERATION #8 - Hour 3.50/6
[2026-04-19 04:39:48] ======================================================================
[2026-04-19 04:39:48] Running bot...
[2026-04-19 04:39:50] ✅ Bot completed successfully
[2026-04-19 04:39:50] 
⏱️  Next run at: 05:09:50
[2026-04-19 04:39:50]    Sleeping for 30 minutes...
[2026-04-19 05:09:50] 
======================================================================
[2026-04-19 05:09:50] ITERATION #9 - Hour 4.00/6
[2026-04-19 05:09:50] ======================================================================
[2026-04-19 05:09:50] Running bot...
[2026-04-19 05:09:52] ✅ Bot completed successfully
[2026-04-19 05:09:52] 
⏱️  Next run at: 05:39:52
[2026-04-19 05:09:52]    Sleeping for 30 minutes...
[2026-04-19 05:39:52] 
======================================================================
[2026-04-19 05:39:52] ITERATION #10 - Hour 4.50/6
[2026-04-19 05:39:52] ======================================================================
[2026-04-19 05:39:52] Running bot...
[2026-04-19 05:39:53] ✅ Bot completed successfully
[2026-04-19 05:39:53] 
⏱️  Next run at: 06:09:53
[2026-04-19 05:39:53]    Sleeping for 30 minutes...
[2026-04-19 06:09:54] 
======================================================================
[2026-04-19 06:09:54] ITERATION #11 - Hour 5.00/6
[2026-04-19 06:09:54] ======================================================================
[2026-04-19 06:09:54] Running bot...
[2026-04-19 06:09:55] ✅ Bot completed successfully
[2026-04-19 06:09:55] 
⏱️  Next run at: 06:39:55
[2026-04-19 06:09:55]    Sleeping for 30 minutes...
[2026-04-19 06:39:55] 
======================================================================
[2026-04-19 06:39:55] ITERATION #12 - Hour 5.51/6
[2026-04-19 06:39:55] ======================================================================
[2026-04-19 06:39:55] Running bot...
[2026-04-19 06:39:57] ✅ Bot completed successfully
[2026-04-19 06:39:57] 
⏱️  Next run at: 07:09:57
[2026-04-19 06:39:57]    Sleeping for 30 minutes...
[2026-04-19 07:09:57] 
======================================================================
[2026-04-19 07:09:57] GENERATING FINAL REPORT
[2026-04-19 07:09:57] ======================================================================
[2026-04-19 07:09:57] 
======================================================================
[2026-04-19 07:09:57] FINAL SUMMARY
[2026-04-19 07:09:57] ======================================================================
[2026-04-19 07:09:57] Total Iterations: 12
[2026-04-19 07:09:57] Total Trades: 48
[2026-04-19 07:09:57] Winning Trades: 12
[2026-04-19 07:09:57] Losing Trades: 12
[2026-04-19 07:09:57] Total P&L: $+9408.53
[2026-04-19 07:09:57] Win Rate: 25.0%
[2026-04-19 07:09:57] ======================================================================
[2026-04-19 07:09:57] 
✅ Report saved: /data/.openclaw/workspace/projects/trading-bot/reports/pltr_6h_report.json
[2026-04-19 07:09:57] ✅ PLTR 6-hour test completed!
